<?xml version="1.0" encoding="UTF-8"?>
<testsuite xmlns:xsi="http://www.w3.org/2001/XMLSchema-instance" xsi:noNamespaceSchemaLocation="https://maven.apache.org/surefire/maven-surefire-plugin/xsd/surefire-test-report.xsd" version="3.0.2" name="com.siasis.runner.RunnerTest" time="46.968" tests="0" errors="0" skipped="0" failures="0">
  <properties>
    <property name="java.specification.version" value="17"/>
    <property name="webdriver.chrome.driver" value="C:\Users\juanc\.cache\selenium\chromedriver\win64\137.0.7151.119\chromedriver.exe"/>
    <property name="sun.cpu.isalist" value="amd64"/>
    <property name="sun.jnu.encoding" value="Cp1252"/>
    <property name="java.class.path" value="C:\Users\juanc\OneDrive\Escritorio\PROYECTO SIASIS\TESTING\continuous-testing-selenium-SIASIS-SIU01-WEB\target\test-classes;C:\Users\juanc\OneDrive\Escritorio\PROYECTO SIASIS\TESTING\continuous-testing-selenium-SIASIS-SIU01-WEB\target\classes;C:\Users\juanc\.m2\repository\org\seleniumhq\selenium\selenium-java\4.33.0\selenium-java-4.33.0.jar;C:\Users\juanc\.m2\repository\org\seleniumhq\selenium\selenium-api\4.33.0\selenium-api-4.33.0.jar;C:\Users\juanc\.m2\repository\org\jspecify\jspecify\1.0.0\jspecify-1.0.0.jar;C:\Users\juanc\.m2\repository\org\seleniumhq\selenium\selenium-chrome-driver\4.33.0\selenium-chrome-driver-4.33.0.jar;C:\Users\juanc\.m2\repository\com\google\auto\service\auto-service-annotations\1.1.1\auto-service-annotations-1.1.1.jar;C:\Users\juanc\.m2\repository\org\seleniumhq\selenium\selenium-chromium-driver\4.33.0\selenium-chromium-driver-4.33.0.jar;C:\Users\juanc\.m2\repository\org\seleniumhq\selenium\selenium-json\4.33.0\selenium-json-4.33.0.jar;C:\Users\juanc\.m2\repository\org\seleniumhq\selenium\selenium-manager\4.33.0\selenium-manager-4.33.0.jar;C:\Users\juanc\.m2\repository\org\seleniumhq\selenium\selenium-devtools-v135\4.33.0\selenium-devtools-v135-4.33.0.jar;C:\Users\juanc\.m2\repository\org\seleniumhq\selenium\selenium-devtools-v136\4.33.0\selenium-devtools-v136-4.33.0.jar;C:\Users\juanc\.m2\repository\org\seleniumhq\selenium\selenium-devtools-v137\4.33.0\selenium-devtools-v137-4.33.0.jar;C:\Users\juanc\.m2\repository\org\seleniumhq\selenium\selenium-edge-driver\4.33.0\selenium-edge-driver-4.33.0.jar;C:\Users\juanc\.m2\repository\org\seleniumhq\selenium\selenium-firefox-driver\4.33.0\selenium-firefox-driver-4.33.0.jar;C:\Users\juanc\.m2\repository\org\seleniumhq\selenium\selenium-http\4.33.0\selenium-http-4.33.0.jar;C:\Users\juanc\.m2\repository\org\seleniumhq\selenium\selenium-ie-driver\4.33.0\selenium-ie-driver-4.33.0.jar;C:\Users\juanc\.m2\repository\org\seleniumhq\selenium\selenium-remote-driver\4.33.0\selenium-remote-driver-4.33.0.jar;C:\Users\juanc\.m2\repository\com\google\guava\guava\33.4.8-jre\guava-33.4.8-jre.jar;C:\Users\juanc\.m2\repository\com\google\guava\failureaccess\1.0.3\failureaccess-1.0.3.jar;C:\Users\juanc\.m2\repository\com\google\guava\listenablefuture\9999.0-empty-to-avoid-conflict-with-guava\listenablefuture-9999.0-empty-to-avoid-conflict-with-guava.jar;C:\Users\juanc\.m2\repository\com\google\j2objc\j2objc-annotations\3.0.0\j2objc-annotations-3.0.0.jar;C:\Users\juanc\.m2\repository\io\opentelemetry\opentelemetry-api\1.50.0\opentelemetry-api-1.50.0.jar;C:\Users\juanc\.m2\repository\io\opentelemetry\opentelemetry-context\1.50.0\opentelemetry-context-1.50.0.jar;C:\Users\juanc\.m2\repository\io\opentelemetry\opentelemetry-exporter-logging\1.50.0\opentelemetry-exporter-logging-1.50.0.jar;C:\Users\juanc\.m2\repository\io\opentelemetry\opentelemetry-sdk-common\1.50.0\opentelemetry-sdk-common-1.50.0.jar;C:\Users\juanc\.m2\repository\io\opentelemetry\opentelemetry-sdk-extension-autoconfigure-spi\1.50.0\opentelemetry-sdk-extension-autoconfigure-spi-1.50.0.jar;C:\Users\juanc\.m2\repository\io\opentelemetry\opentelemetry-sdk-extension-autoconfigure\1.50.0\opentelemetry-sdk-extension-autoconfigure-1.50.0.jar;C:\Users\juanc\.m2\repository\io\opentelemetry\opentelemetry-sdk-trace\1.50.0\opentelemetry-sdk-trace-1.50.0.jar;C:\Users\juanc\.m2\repository\io\opentelemetry\opentelemetry-sdk\1.50.0\opentelemetry-sdk-1.50.0.jar;C:\Users\juanc\.m2\repository\io\opentelemetry\opentelemetry-sdk-metrics\1.50.0\opentelemetry-sdk-metrics-1.50.0.jar;C:\Users\juanc\.m2\repository\io\opentelemetry\opentelemetry-sdk-logs\1.50.0\opentelemetry-sdk-logs-1.50.0.jar;C:\Users\juanc\.m2\repository\net\bytebuddy\byte-buddy\1.17.5\byte-buddy-1.17.5.jar;C:\Users\juanc\.m2\repository\org\seleniumhq\selenium\selenium-os\4.33.0\selenium-os-4.33.0.jar;C:\Users\juanc\.m2\repository\org\apache\commons\commons-exec\1.4.0\commons-exec-1.4.0.jar;C:\Users\juanc\.m2\repository\org\seleniumhq\selenium\selenium-safari-driver\4.33.0\selenium-safari-driver-4.33.0.jar;C:\Users\juanc\.m2\repository\org\seleniumhq\selenium\selenium-support\4.33.0\selenium-support-4.33.0.jar;C:\Users\juanc\.m2\repository\io\cucumber\cucumber-java\7.22.2\cucumber-java-7.22.2.jar;C:\Users\juanc\.m2\repository\io\cucumber\cucumber-core\7.22.2\cucumber-core-7.22.2.jar;C:\Users\juanc\.m2\repository\io\cucumber\cucumber-gherkin\7.22.2\cucumber-gherkin-7.22.2.jar;C:\Users\juanc\.m2\repository\io\cucumber\cucumber-gherkin-messages\7.22.2\cucumber-gherkin-messages-7.22.2.jar;C:\Users\juanc\.m2\repository\io\cucumber\gherkin\32.1.1\gherkin-32.1.1.jar;C:\Users\juanc\.m2\repository\io\cucumber\messages\27.2.0\messages-27.2.0.jar;C:\Users\juanc\.m2\repository\io\cucumber\testng-xml-formatter\0.3.1\testng-xml-formatter-0.3.1.jar;C:\Users\juanc\.m2\repository\io\cucumber\query\13.3.0\query-13.3.0.jar;C:\Users\juanc\.m2\repository\io\cucumber\tag-expressions\6.1.2\tag-expressions-6.1.2.jar;C:\Users\juanc\.m2\repository\io\cucumber\cucumber-expressions\18.0.1\cucumber-expressions-18.0.1.jar;C:\Users\juanc\.m2\repository\io\cucumber\datatable\7.22.2\datatable-7.22.2.jar;C:\Users\juanc\.m2\repository\io\cucumber\cucumber-plugin\7.22.2\cucumber-plugin-7.22.2.jar;C:\Users\juanc\.m2\repository\io\cucumber\docstring\7.22.2\docstring-7.22.2.jar;C:\Users\juanc\.m2\repository\io\cucumber\html-formatter\21.10.1\html-formatter-21.10.1.jar;C:\Users\juanc\.m2\repository\io\cucumber\junit-xml-formatter\0.7.1\junit-xml-formatter-0.7.1.jar;C:\Users\juanc\.m2\repository\io\cucumber\ci-environment\10.0.1\ci-environment-10.0.1.jar;C:\Users\juanc\.m2\repository\org\apiguardian\apiguardian-api\1.1.2\apiguardian-api-1.1.2.jar;C:\Users\juanc\.m2\repository\com\typesafe\config\1.4.3\config-1.4.3.jar;C:\Users\juanc\.m2\repository\net\masterthought\maven-cucumber-reporting\5.8.5\maven-cucumber-reporting-5.8.5.jar;C:\Users\juanc\.m2\repository\org\apache\commons\commons-collections4\4.5.0-M3\commons-collections4-4.5.0-M3.jar;C:\Users\juanc\.m2\repository\org\codehaus\plexus\plexus-utils\4.0.2\plexus-utils-4.0.2.jar;C:\Users\juanc\.m2\repository\net\masterthought\cucumber-reporting\5.8.4\cucumber-reporting-5.8.4.jar;C:\Users\juanc\.m2\repository\com\fasterxml\jackson\core\jackson-databind\2.18.1\jackson-databind-2.18.1.jar;C:\Users\juanc\.m2\repository\com\fasterxml\jackson\core\jackson-annotations\2.18.1\jackson-annotations-2.18.1.jar;C:\Users\juanc\.m2\repository\com\fasterxml\jackson\core\jackson-core\2.18.1\jackson-core-2.18.1.jar;C:\Users\juanc\.m2\repository\com\fasterxml\jackson\datatype\jackson-datatype-jsr310\2.18.1\jackson-datatype-jsr310-2.18.1.jar;C:\Users\juanc\.m2\repository\org\apache\velocity\velocity-engine-core\2.4.1\velocity-engine-core-2.4.1.jar;C:\Users\juanc\.m2\repository\joda-time\joda-time\2.13.0\joda-time-2.13.0.jar;C:\Users\juanc\.m2\repository\org\apache\commons\commons-configuration2\2.11.0\commons-configuration2-2.11.0.jar;C:\Users\juanc\.m2\repository\commons-io\commons-io\2.17.0\commons-io-2.17.0.jar;C:\Users\juanc\.m2\repository\org\apache\commons\commons-text\1.12.0\commons-text-1.12.0.jar;C:\Users\juanc\.m2\repository\org\jsoup\jsoup\1.18.1\jsoup-1.18.1.jar;C:\Users\juanc\.m2\repository\com\googlecode\owasp-java-html-sanitizer\owasp-java-html-sanitizer\20240325.1\owasp-java-html-sanitizer-20240325.1.jar;C:\Users\juanc\.m2\repository\com\googlecode\owasp-java-html-sanitizer\java8-shim\20240325.1\java8-shim-20240325.1.jar;C:\Users\juanc\.m2\repository\com\googlecode\owasp-java-html-sanitizer\java10-shim\20240325.1\java10-shim-20240325.1.jar;C:\Users\juanc\.m2\repository\org\slf4j\jcl-over-slf4j\2.0.16\jcl-over-slf4j-2.0.16.jar;C:\Users\juanc\.m2\repository\org\junit\jupiter\junit-jupiter-api\5.9.3\junit-jupiter-api-5.9.3.jar;C:\Users\juanc\.m2\repository\org\opentest4j\opentest4j\1.2.0\opentest4j-1.2.0.jar;C:\Users\juanc\.m2\repository\org\junit\platform\junit-platform-commons\1.9.3\junit-platform-commons-1.9.3.jar;C:\Users\juanc\.m2\repository\io\cucumber\cucumber-junit\7.22.2\cucumber-junit-7.22.2.jar;C:\Users\juanc\.m2\repository\junit\junit\4.13.2\junit-4.13.2.jar;C:\Users\juanc\.m2\repository\org\hamcrest\hamcrest-core\1.3\hamcrest-core-1.3.jar;C:\Users\juanc\.m2\repository\io\cucumber\cucumber-junit-platform-engine\7.22.2\cucumber-junit-platform-engine-7.22.2.jar;C:\Users\juanc\.m2\repository\net\datafaker\datafaker\2.4.3\datafaker-2.4.3.jar;C:\Users\juanc\.m2\repository\org\yaml\snakeyaml\2.4\snakeyaml-2.4.jar;C:\Users\juanc\.m2\repository\com\github\curious-odd-man\rgxgen\2.0\rgxgen-2.0.jar;C:\Users\juanc\.m2\repository\com\googlecode\libphonenumber\libphonenumber\9.0.2\libphonenumber-9.0.2.jar;C:\Users\juanc\.m2\repository\org\junit\platform\junit-platform-engine\1.9.3\junit-platform-engine-1.9.3.jar;C:\Users\juanc\.m2\repository\org\junit\platform\junit-platform-suite-api\1.13.0\junit-platform-suite-api-1.13.0.jar;C:\Users\juanc\.m2\repository\io\github\bonigarcia\webdrivermanager\6.1.0\webdrivermanager-6.1.0.jar;C:\Users\juanc\.m2\repository\com\google\code\gson\gson\2.13.0\gson-2.13.0.jar;C:\Users\juanc\.m2\repository\com\google\errorprone\error_prone_annotations\2.37.0\error_prone_annotations-2.37.0.jar;C:\Users\juanc\.m2\repository\com\github\docker-java\docker-java\3.5.0\docker-java-3.5.0.jar;C:\Users\juanc\.m2\repository\com\github\docker-java\docker-java-core\3.5.0\docker-java-core-3.5.0.jar;C:\Users\juanc\.m2\repository\com\github\docker-java\docker-java-api\3.5.0\docker-java-api-3.5.0.jar;C:\Users\juanc\.m2\repository\com\github\docker-java\docker-java-transport-httpclient5\3.5.0\docker-java-transport-httpclient5-3.5.0.jar;C:\Users\juanc\.m2\repository\com\github\docker-java\docker-java-transport\3.5.0\docker-java-transport-3.5.0.jar;C:\Users\juanc\.m2\repository\net\java\dev\jna\jna\5.17.0\jna-5.17.0.jar;C:\Users\juanc\.m2\repository\org\brotli\dec\0.1.2\dec-0.1.2.jar;C:\Users\juanc\.m2\repository\org\apache\commons\commons-lang3\3.17.0\commons-lang3-3.17.0.jar;C:\Users\juanc\.m2\repository\org\apache\commons\commons-compress\1.27.1\commons-compress-1.27.1.jar;C:\Users\juanc\.m2\repository\commons-codec\commons-codec\1.17.1\commons-codec-1.17.1.jar;C:\Users\juanc\.m2\repository\org\apache\httpcomponents\client5\httpclient5\5.4.3\httpclient5-5.4.3.jar;C:\Users\juanc\.m2\repository\org\apache\httpcomponents\core5\httpcore5\5.3.4\httpcore5-5.3.4.jar;C:\Users\juanc\.m2\repository\org\apache\httpcomponents\core5\httpcore5-h2\5.3.4\httpcore5-h2-5.3.4.jar;C:\Users\juanc\.m2\repository\net\java\dev\jna\jna-platform\5.13.0\jna-platform-5.13.0.jar;C:\Users\juanc\.m2\repository\io\github\cdimascio\dotenv-java\3.2.0\dotenv-java-3.2.0.jar;C:\Users\juanc\.m2\repository\org\slf4j\slf4j-api\2.0.17\slf4j-api-2.0.17.jar;C:\Users\juanc\.m2\repository\org\slf4j\slf4j-simple\2.0.17\slf4j-simple-2.0.17.jar;"/>
    <property name="java.vm.vendor" value="Oracle Corporation"/>
    <property name="sun.arch.data.model" value="64"/>
    <property name="user.variant" value=""/>
    <property name="java.vendor.url" value="https://java.oracle.com/"/>
    <property name="user.timezone" value="America/Bogota"/>
    <property name="os.name" value="Windows 11"/>
    <property name="java.vm.specification.version" value="17"/>
    <property name="sun.java.launcher" value="SUN_STANDARD"/>
    <property name="user.country" value="MX"/>
    <property name="sun.boot.library.path" value="C:\Program Files\Java\jdk-17\bin"/>
    <property name="sun.java.command" value="C:\Users\juanc\AppData\Local\Temp\surefire6993313091141308897\surefirebooter-20250623210804381_3.jar C:\Users\juanc\AppData\Local\Temp\surefire6993313091141308897 2025-06-23T21-08-04_157-jvmRun1 surefire-20250623210804381_1tmp surefire_0-20250623210804381_2tmp"/>
    <property name="jdk.debug" value="release"/>
    <property name="surefire.test.class.path" value="C:\Users\juanc\OneDrive\Escritorio\PROYECTO SIASIS\TESTING\continuous-testing-selenium-SIASIS-SIU01-WEB\target\test-classes;C:\Users\juanc\OneDrive\Escritorio\PROYECTO SIASIS\TESTING\continuous-testing-selenium-SIASIS-SIU01-WEB\target\classes;C:\Users\juanc\.m2\repository\org\seleniumhq\selenium\selenium-java\4.33.0\selenium-java-4.33.0.jar;C:\Users\juanc\.m2\repository\org\seleniumhq\selenium\selenium-api\4.33.0\selenium-api-4.33.0.jar;C:\Users\juanc\.m2\repository\org\jspecify\jspecify\1.0.0\jspecify-1.0.0.jar;C:\Users\juanc\.m2\repository\org\seleniumhq\selenium\selenium-chrome-driver\4.33.0\selenium-chrome-driver-4.33.0.jar;C:\Users\juanc\.m2\repository\com\google\auto\service\auto-service-annotations\1.1.1\auto-service-annotations-1.1.1.jar;C:\Users\juanc\.m2\repository\org\seleniumhq\selenium\selenium-chromium-driver\4.33.0\selenium-chromium-driver-4.33.0.jar;C:\Users\juanc\.m2\repository\org\seleniumhq\selenium\selenium-json\4.33.0\selenium-json-4.33.0.jar;C:\Users\juanc\.m2\repository\org\seleniumhq\selenium\selenium-manager\4.33.0\selenium-manager-4.33.0.jar;C:\Users\juanc\.m2\repository\org\seleniumhq\selenium\selenium-devtools-v135\4.33.0\selenium-devtools-v135-4.33.0.jar;C:\Users\juanc\.m2\repository\org\seleniumhq\selenium\selenium-devtools-v136\4.33.0\selenium-devtools-v136-4.33.0.jar;C:\Users\juanc\.m2\repository\org\seleniumhq\selenium\selenium-devtools-v137\4.33.0\selenium-devtools-v137-4.33.0.jar;C:\Users\juanc\.m2\repository\org\seleniumhq\selenium\selenium-edge-driver\4.33.0\selenium-edge-driver-4.33.0.jar;C:\Users\juanc\.m2\repository\org\seleniumhq\selenium\selenium-firefox-driver\4.33.0\selenium-firefox-driver-4.33.0.jar;C:\Users\juanc\.m2\repository\org\seleniumhq\selenium\selenium-http\4.33.0\selenium-http-4.33.0.jar;C:\Users\juanc\.m2\repository\org\seleniumhq\selenium\selenium-ie-driver\4.33.0\selenium-ie-driver-4.33.0.jar;C:\Users\juanc\.m2\repository\org\seleniumhq\selenium\selenium-remote-driver\4.33.0\selenium-remote-driver-4.33.0.jar;C:\Users\juanc\.m2\repository\com\google\guava\guava\33.4.8-jre\guava-33.4.8-jre.jar;C:\Users\juanc\.m2\repository\com\google\guava\failureaccess\1.0.3\failureaccess-1.0.3.jar;C:\Users\juanc\.m2\repository\com\google\guava\listenablefuture\9999.0-empty-to-avoid-conflict-with-guava\listenablefuture-9999.0-empty-to-avoid-conflict-with-guava.jar;C:\Users\juanc\.m2\repository\com\google\j2objc\j2objc-annotations\3.0.0\j2objc-annotations-3.0.0.jar;C:\Users\juanc\.m2\repository\io\opentelemetry\opentelemetry-api\1.50.0\opentelemetry-api-1.50.0.jar;C:\Users\juanc\.m2\repository\io\opentelemetry\opentelemetry-context\1.50.0\opentelemetry-context-1.50.0.jar;C:\Users\juanc\.m2\repository\io\opentelemetry\opentelemetry-exporter-logging\1.50.0\opentelemetry-exporter-logging-1.50.0.jar;C:\Users\juanc\.m2\repository\io\opentelemetry\opentelemetry-sdk-common\1.50.0\opentelemetry-sdk-common-1.50.0.jar;C:\Users\juanc\.m2\repository\io\opentelemetry\opentelemetry-sdk-extension-autoconfigure-spi\1.50.0\opentelemetry-sdk-extension-autoconfigure-spi-1.50.0.jar;C:\Users\juanc\.m2\repository\io\opentelemetry\opentelemetry-sdk-extension-autoconfigure\1.50.0\opentelemetry-sdk-extension-autoconfigure-1.50.0.jar;C:\Users\juanc\.m2\repository\io\opentelemetry\opentelemetry-sdk-trace\1.50.0\opentelemetry-sdk-trace-1.50.0.jar;C:\Users\juanc\.m2\repository\io\opentelemetry\opentelemetry-sdk\1.50.0\opentelemetry-sdk-1.50.0.jar;C:\Users\juanc\.m2\repository\io\opentelemetry\opentelemetry-sdk-metrics\1.50.0\opentelemetry-sdk-metrics-1.50.0.jar;C:\Users\juanc\.m2\repository\io\opentelemetry\opentelemetry-sdk-logs\1.50.0\opentelemetry-sdk-logs-1.50.0.jar;C:\Users\juanc\.m2\repository\net\bytebuddy\byte-buddy\1.17.5\byte-buddy-1.17.5.jar;C:\Users\juanc\.m2\repository\org\seleniumhq\selenium\selenium-os\4.33.0\selenium-os-4.33.0.jar;C:\Users\juanc\.m2\repository\org\apache\commons\commons-exec\1.4.0\commons-exec-1.4.0.jar;C:\Users\juanc\.m2\repository\org\seleniumhq\selenium\selenium-safari-driver\4.33.0\selenium-safari-driver-4.33.0.jar;C:\Users\juanc\.m2\repository\org\seleniumhq\selenium\selenium-support\4.33.0\selenium-support-4.33.0.jar;C:\Users\juanc\.m2\repository\io\cucumber\cucumber-java\7.22.2\cucumber-java-7.22.2.jar;C:\Users\juanc\.m2\repository\io\cucumber\cucumber-core\7.22.2\cucumber-core-7.22.2.jar;C:\Users\juanc\.m2\repository\io\cucumber\cucumber-gherkin\7.22.2\cucumber-gherkin-7.22.2.jar;C:\Users\juanc\.m2\repository\io\cucumber\cucumber-gherkin-messages\7.22.2\cucumber-gherkin-messages-7.22.2.jar;C:\Users\juanc\.m2\repository\io\cucumber\gherkin\32.1.1\gherkin-32.1.1.jar;C:\Users\juanc\.m2\repository\io\cucumber\messages\27.2.0\messages-27.2.0.jar;C:\Users\juanc\.m2\repository\io\cucumber\testng-xml-formatter\0.3.1\testng-xml-formatter-0.3.1.jar;C:\Users\juanc\.m2\repository\io\cucumber\query\13.3.0\query-13.3.0.jar;C:\Users\juanc\.m2\repository\io\cucumber\tag-expressions\6.1.2\tag-expressions-6.1.2.jar;C:\Users\juanc\.m2\repository\io\cucumber\cucumber-expressions\18.0.1\cucumber-expressions-18.0.1.jar;C:\Users\juanc\.m2\repository\io\cucumber\datatable\7.22.2\datatable-7.22.2.jar;C:\Users\juanc\.m2\repository\io\cucumber\cucumber-plugin\7.22.2\cucumber-plugin-7.22.2.jar;C:\Users\juanc\.m2\repository\io\cucumber\docstring\7.22.2\docstring-7.22.2.jar;C:\Users\juanc\.m2\repository\io\cucumber\html-formatter\21.10.1\html-formatter-21.10.1.jar;C:\Users\juanc\.m2\repository\io\cucumber\junit-xml-formatter\0.7.1\junit-xml-formatter-0.7.1.jar;C:\Users\juanc\.m2\repository\io\cucumber\ci-environment\10.0.1\ci-environment-10.0.1.jar;C:\Users\juanc\.m2\repository\org\apiguardian\apiguardian-api\1.1.2\apiguardian-api-1.1.2.jar;C:\Users\juanc\.m2\repository\com\typesafe\config\1.4.3\config-1.4.3.jar;C:\Users\juanc\.m2\repository\net\masterthought\maven-cucumber-reporting\5.8.5\maven-cucumber-reporting-5.8.5.jar;C:\Users\juanc\.m2\repository\org\apache\commons\commons-collections4\4.5.0-M3\commons-collections4-4.5.0-M3.jar;C:\Users\juanc\.m2\repository\org\codehaus\plexus\plexus-utils\4.0.2\plexus-utils-4.0.2.jar;C:\Users\juanc\.m2\repository\net\masterthought\cucumber-reporting\5.8.4\cucumber-reporting-5.8.4.jar;C:\Users\juanc\.m2\repository\com\fasterxml\jackson\core\jackson-databind\2.18.1\jackson-databind-2.18.1.jar;C:\Users\juanc\.m2\repository\com\fasterxml\jackson\core\jackson-annotations\2.18.1\jackson-annotations-2.18.1.jar;C:\Users\juanc\.m2\repository\com\fasterxml\jackson\core\jackson-core\2.18.1\jackson-core-2.18.1.jar;C:\Users\juanc\.m2\repository\com\fasterxml\jackson\datatype\jackson-datatype-jsr310\2.18.1\jackson-datatype-jsr310-2.18.1.jar;C:\Users\juanc\.m2\repository\org\apache\velocity\velocity-engine-core\2.4.1\velocity-engine-core-2.4.1.jar;C:\Users\juanc\.m2\repository\joda-time\joda-time\2.13.0\joda-time-2.13.0.jar;C:\Users\juanc\.m2\repository\org\apache\commons\commons-configuration2\2.11.0\commons-configuration2-2.11.0.jar;C:\Users\juanc\.m2\repository\commons-io\commons-io\2.17.0\commons-io-2.17.0.jar;C:\Users\juanc\.m2\repository\org\apache\commons\commons-text\1.12.0\commons-text-1.12.0.jar;C:\Users\juanc\.m2\repository\org\jsoup\jsoup\1.18.1\jsoup-1.18.1.jar;C:\Users\juanc\.m2\repository\com\googlecode\owasp-java-html-sanitizer\owasp-java-html-sanitizer\20240325.1\owasp-java-html-sanitizer-20240325.1.jar;C:\Users\juanc\.m2\repository\com\googlecode\owasp-java-html-sanitizer\java8-shim\20240325.1\java8-shim-20240325.1.jar;C:\Users\juanc\.m2\repository\com\googlecode\owasp-java-html-sanitizer\java10-shim\20240325.1\java10-shim-20240325.1.jar;C:\Users\juanc\.m2\repository\org\slf4j\jcl-over-slf4j\2.0.16\jcl-over-slf4j-2.0.16.jar;C:\Users\juanc\.m2\repository\org\junit\jupiter\junit-jupiter-api\5.9.3\junit-jupiter-api-5.9.3.jar;C:\Users\juanc\.m2\repository\org\opentest4j\opentest4j\1.2.0\opentest4j-1.2.0.jar;C:\Users\juanc\.m2\repository\org\junit\platform\junit-platform-commons\1.9.3\junit-platform-commons-1.9.3.jar;C:\Users\juanc\.m2\repository\io\cucumber\cucumber-junit\7.22.2\cucumber-junit-7.22.2.jar;C:\Users\juanc\.m2\repository\junit\junit\4.13.2\junit-4.13.2.jar;C:\Users\juanc\.m2\repository\org\hamcrest\hamcrest-core\1.3\hamcrest-core-1.3.jar;C:\Users\juanc\.m2\repository\io\cucumber\cucumber-junit-platform-engine\7.22.2\cucumber-junit-platform-engine-7.22.2.jar;C:\Users\juanc\.m2\repository\net\datafaker\datafaker\2.4.3\datafaker-2.4.3.jar;C:\Users\juanc\.m2\repository\org\yaml\snakeyaml\2.4\snakeyaml-2.4.jar;C:\Users\juanc\.m2\repository\com\github\curious-odd-man\rgxgen\2.0\rgxgen-2.0.jar;C:\Users\juanc\.m2\repository\com\googlecode\libphonenumber\libphonenumber\9.0.2\libphonenumber-9.0.2.jar;C:\Users\juanc\.m2\repository\org\junit\platform\junit-platform-engine\1.9.3\junit-platform-engine-1.9.3.jar;C:\Users\juanc\.m2\repository\org\junit\platform\junit-platform-suite-api\1.13.0\junit-platform-suite-api-1.13.0.jar;C:\Users\juanc\.m2\repository\io\github\bonigarcia\webdrivermanager\6.1.0\webdrivermanager-6.1.0.jar;C:\Users\juanc\.m2\repository\com\google\code\gson\gson\2.13.0\gson-2.13.0.jar;C:\Users\juanc\.m2\repository\com\google\errorprone\error_prone_annotations\2.37.0\error_prone_annotations-2.37.0.jar;C:\Users\juanc\.m2\repository\com\github\docker-java\docker-java\3.5.0\docker-java-3.5.0.jar;C:\Users\juanc\.m2\repository\com\github\docker-java\docker-java-core\3.5.0\docker-java-core-3.5.0.jar;C:\Users\juanc\.m2\repository\com\github\docker-java\docker-java-api\3.5.0\docker-java-api-3.5.0.jar;C:\Users\juanc\.m2\repository\com\github\docker-java\docker-java-transport-httpclient5\3.5.0\docker-java-transport-httpclient5-3.5.0.jar;C:\Users\juanc\.m2\repository\com\github\docker-java\docker-java-transport\3.5.0\docker-java-transport-3.5.0.jar;C:\Users\juanc\.m2\repository\net\java\dev\jna\jna\5.17.0\jna-5.17.0.jar;C:\Users\juanc\.m2\repository\org\brotli\dec\0.1.2\dec-0.1.2.jar;C:\Users\juanc\.m2\repository\org\apache\commons\commons-lang3\3.17.0\commons-lang3-3.17.0.jar;C:\Users\juanc\.m2\repository\org\apache\commons\commons-compress\1.27.1\commons-compress-1.27.1.jar;C:\Users\juanc\.m2\repository\commons-codec\commons-codec\1.17.1\commons-codec-1.17.1.jar;C:\Users\juanc\.m2\repository\org\apache\httpcomponents\client5\httpclient5\5.4.3\httpclient5-5.4.3.jar;C:\Users\juanc\.m2\repository\org\apache\httpcomponents\core5\httpcore5\5.3.4\httpcore5-5.3.4.jar;C:\Users\juanc\.m2\repository\org\apache\httpcomponents\core5\httpcore5-h2\5.3.4\httpcore5-h2-5.3.4.jar;C:\Users\juanc\.m2\repository\net\java\dev\jna\jna-platform\5.13.0\jna-platform-5.13.0.jar;C:\Users\juanc\.m2\repository\io\github\cdimascio\dotenv-java\3.2.0\dotenv-java-3.2.0.jar;C:\Users\juanc\.m2\repository\org\slf4j\slf4j-api\2.0.17\slf4j-api-2.0.17.jar;C:\Users\juanc\.m2\repository\org\slf4j\slf4j-simple\2.0.17\slf4j-simple-2.0.17.jar;"/>
    <property name="sun.cpu.endian" value="little"/>
    <property name="user.home" value="C:\Users\juanc"/>
    <property name="user.language" value="es"/>
    <property name="java.specification.vendor" value="Oracle Corporation"/>
    <property name="java.version.date" value="2023-04-18"/>
    <property name="java.home" value="C:\Program Files\Java\jdk-17"/>
    <property name="file.separator" value="\"/>
    <property name="basedir" value="C:\Users\juanc\OneDrive\Escritorio\PROYECTO SIASIS\TESTING\continuous-testing-selenium-SIASIS-SIU01-WEB"/>
    <property name="java.vm.compressedOopsMode" value="Zero based"/>
    <property name="line.separator" value="&#10;"/>
    <property name="java.vm.specification.vendor" value="Oracle Corporation"/>
    <property name="java.specification.name" value="Java Platform API Specification"/>
    <property name="surefire.real.class.path" value="C:\Users\juanc\AppData\Local\Temp\surefire6993313091141308897\surefirebooter-20250623210804381_3.jar"/>
    <property name="user.script" value=""/>
    <property name="sun.management.compiler" value="HotSpot 64-Bit Tiered Compilers"/>
    <property name="java.runtime.version" value="17.0.7+8-LTS-224"/>
    <property name="user.name" value="juanc"/>
    <property name="path.separator" value=";"/>
    <property name="os.version" value="10.0"/>
    <property name="java.runtime.name" value="Java(TM) SE Runtime Environment"/>
    <property name="file.encoding" value="Cp1252"/>
    <property name="java.vm.name" value="Java HotSpot(TM) 64-Bit Server VM"/>
    <property name="localRepository" value="C:\Users\juanc\.m2\repository"/>
    <property name="cucumber.options" value=""/>
    <property name="java.vendor.url.bug" value="https://bugreport.java.com/bugreport/"/>
    <property name="java.io.tmpdir" value="C:\Users\juanc\AppData\Local\Temp\"/>
    <property name="java.version" value="17.0.7"/>
    <property name="cucumber.filter.tags" value="@EdicionDatosPersonales"/>
    <property name="user.dir" value="C:\Users\juanc\OneDrive\Escritorio\PROYECTO SIASIS\TESTING\continuous-testing-selenium-SIASIS-SIU01-WEB"/>
    <property name="os.arch" value="amd64"/>
    <property name="java.vm.specification.name" value="Java Virtual Machine Specification"/>
    <property name="sun.os.patch.level" value=""/>
    <property name="native.encoding" value="Cp1252"/>
    <property name="java.library.path" value="C:\Program Files\Java\jdk-17\bin;C:\windows\Sun\Java\bin;C:\windows\system32;C:\windows;C:\Program Files (x86)\Rockwell Software\RSCommon;C:\Program Files\Common Files\Oracle\Java\javapath;C:\Program Files\Microsoft MPI\Bin\;C:\Program Files (x86)\Common Files\Intel\Shared Libraries\redist\intel64\compiler;C:\Program Files (x86)\Common Files\Oracle\Java\javapath;C:\windows\system32;C:\windows;C:\windows\System32\Wbem;C:\windows\System32\WindowsPowerShell\v1.0\;C:\windows\System32\OpenSSH\;C:\Program Files\dotnet\;C:\Program Files\Git\cmd;C:\Program Files (x86)\Common Files\Earthworks\Drivers\acQuire DirectX;C:\Program Files (x86)\Common Files\Earthworks\Help;C:\Program Files (x86)\Common Files\Earthworks\Shared;C:\xampp\php;C:\Program Files\Java\jdk-10.0.2\bin;C:\Program Files (x86)\Microsoft SQL Server\160\DTS\Binn\;C:\Program Files\Azure Data Studio\bin;C:\Program Files (x86)\Microsoft SQL Server\110\DTS\Binn\;C:\Program Files (x86)\Microsoft SQL Server\120\DTS\Binn\;C:\Program Files (x86)\Microsoft SQL Server\130\DTS\Binn\;C:\Program Files (x86)\Microsoft SQL Server\140\DTS\Binn\;C:\Program Files (x86)\Microsoft SQL Server\150\DTS\Binn\;C:\Program Files (x86)\Rational\common;C:\ProgramData\chocolatey\bin;C:\Program Files\Microsoft SQL Server\150\Tools\Binn\;C:\Program Files\Microsoft SQL Server\Client SDK\ODBC\170\Tools\Binn\;C:\Program Files\HP\HP One Agent;C:\ProgramData\ComposerSetup\bin;C:\Program Files\Amazon\AWSCLIV2\;C:\Program Files\Docker\Docker\resources\bin;C:\Users\juanc\OneDrive\Documentos\apache-maven-3.9.9\bin;C:\Program Files (x86)\Microsoft SQL Server\160\Tools\Binn\;C:\Program Files\Microsoft SQL Server\160\Tools\Binn\;C:\Program Files\Microsoft SQL Server\160\DTS\Binn\;C:\Users\juanc\AppData\Local\Android\Sdk\platform-tools;C:\Users\juanc\AppData\Local\Android\Sdk\platforms;C:\Users\juanc\AppData\Local\Android\Sdk\tools;C:\Program Files\nodejs\;C:\postgresql-16.9-1-windows-x64-binaries\pgsql\bin;C:\Users\juanc\AppData\Local\Programs\Python\Python310\Scripts\;C:\Users\juanc\AppData\Local\Programs\Python\Python310\;C:\Users\juanc\.console-ninja\.bin;C:\Users\juanc\AppData\Local\Microsoft\WindowsApps;C:\Users\juanc\AppData\Local\Programs\Microsoft VS Code\bin;C:\Program Files\Azure Data Studio\bin;C:\Program Files\JetBrains\IntelliJ IDEA 2023.1.2\bin;C:\Users\juanc\AppData\Local\Programs\Python\Python311\Scripts;C:\Program Files\MySQL\MySQL Server 8.1\bin;C:\Program Files\MongoDB\Server\5.0\bin;C:\Users\juanc\.fly\bin;C:\Users\juanc\.dotnet\tools;C:\Users\juanc\AppData\Roaming\Composer\vendor\bin;C:\src\flutter\bin;C:\Users\juanc\OneDrive\Documentos\apache-maven-3.9.9\bin;C:\Program Files\JetBrains\IntelliJ IDEA Community Edition 2024.3.1\bin;;C:\Program Files\gradle-8.12\bin;C:\Program Files\apache-jmeter-5.6.3\bin;C:\Users\juanc\AppData\Local\Android\Sdk;C:\Users\juanc\AppData\Roaming\npm;."/>
    <property name="java.vm.info" value="mixed mode, sharing"/>
    <property name="java.vendor" value="Oracle Corporation"/>
    <property name="java.vm.version" value="17.0.7+8-LTS-224"/>
    <property name="sun.io.unicode.encoding" value="UnicodeLittle"/>
    <property name="java.class.version" value="61.0"/>
  </properties>
</testsuite>